<?xml version="1.0" encoding="UTF-8"?>
<testsuite xmlns:xsi="http://www.w3.org/2001/XMLSchema-instance" xsi:noNamespaceSchemaLocation="https://maven.apache.org/surefire/maven-surefire-plugin/xsd/surefire-test-report.xsd" name="LoginTest" time="9.044" tests="6" errors="0" skipped="0" failures="0">
  <properties>
[...]
</properties>
  <testcase name="authorizationWithWringLogin" classname="LoginTest" time="1.29"/>
  <testcase name="authorizationWithEmptyLogin" classname="LoginTest" time="1.304"/>
  <testcase name="createCourier" classname="LoginTest" time="2.491"/>
  <testcase name="authorizationWithWringPasswordAndLogin" classname="LoginTest" time="1.545"/>
  <testcase name="authorizationWithWringPassword" classname="LoginTest" time="1.297"/>
  <testcase name="loginWithNonexistentCourier" classname="LoginTest" time="1.109"/>
</testsuite>